<?xml version="1.0" encoding="UTF-8" ?>
<testsuite failures="0" time="2.489" errors="0" skipped="0" tests="2" name="fr.soat.icoundoul.dbunit.test.CustomerServiceTest">
  <properties>
    <property name="java.runtime.name" value="Java(TM) SE Runtime Environment"/>
    <property name="sun.boot.library.path" value="d:\applis\JDK\jdk64bits-7.25\jdk64-7.25\jre\bin"/>
    <property name="java.vm.version" value="23.25-b01"/>
    <property name="java.vm.vendor" value="Oracle Corporation"/>
    <property name="java.vendor.url" value="http://java.oracle.com/"/>
    <property name="path.separator" value=";"/>
    <property name="guice.disable.misplaced.annotation.check" value="true"/>
    <property name="java.vm.name" value="Java HotSpot(TM) 64-Bit Server VM"/>
    <property name="file.encoding.pkg" value="sun.io"/>
    <property name="user.script" value=""/>
    <property name="user.country" value="FR"/>
    <property name="sun.java.launcher" value="SUN_STANDARD"/>
    <property name="sun.os.patch.level" value="Service Pack 1"/>
    <property name="java.vm.specification.name" value="Java Virtual Machine Specification"/>
    <property name="user.dir" value="d:\i-coundoul\DBUNIT\dbunit-spring-test-demo"/>
    <property name="java.runtime.version" value="1.7.0_25-b17"/>
    <property name="java.awt.graphicsenv" value="sun.awt.Win32GraphicsEnvironment"/>
    <property name="java.endorsed.dirs" value="d:\applis\JDK\jdk64bits-7.25\jdk64-7.25\jre\lib\endorsed"/>
    <property name="os.arch" value="amd64"/>
    <property name="java.io.tmpdir" value="C:\Users\ICOUND~1\AppData\Local\Temp\"/>
    <property name="line.separator" value="
"/>
    <property name="java.vm.specification.vendor" value="Oracle Corporation"/>
    <property name="user.variant" value=""/>
    <property name="os.name" value="Windows 7"/>
    <property name="classworlds.conf" value="d:/applis/MAVEN/apache-maven-3.1.0/bin/m2.conf"/>
    <property name="sun.jnu.encoding" value="Cp1252"/>
    <property name="java.library.path" value="d:\applis\JDK\jdk64bits-7.25\jdk64-7.25\bin;C:\Windows\Sun\Java\bin;C:\Windows\system32;C:\Windows;c:\Users\icoundoul\bin;.;C:\Program Files (x86)\Git\local\bin;C:\Program Files (x86)\Git\mingw\bin;C:\Program Files (x86)\Git\bin;c:\Program Files\CollabNet\Subversion Client;c:\Perl64\site\bin;c:\Perl64\bin;d:\app\icoundoul\product\11.2.0\client_1\bin;c:\Windows\system32;c:\Windows;c:\Windows\System32\Wbem;c:\Windows\System32\WindowsPowerShell\v1.0\;c:\Program Files (x86)\Microsoft Application Virtualization Client;c:\Program Files (x86)\Enterprise Vault\EVClient\;d:\applis\MAVEN\apache-maven-3.1.0\bin;c:\Program Files (x86)\QuickTime\QTSystem\;c:\Program Files\TortoiseGit\bin;d:\applis_cgaweb_international\CGAWEB\Libs\apache-ant-1.8.1-bin\apache-ant-1.8.1\bin;c:\wamp\bin\php\php5.5.12;d:\i-coundoul\LibTests\Notepad++\notepad++.exe;c:\Program Files\TortoiseSVN\bin;C:\Program Files (x86)\Git\bin;."/>
    <property name="java.specification.name" value="Java Platform API Specification"/>
    <property name="java.class.version" value="51.0"/>
    <property name="sun.management.compiler" value="HotSpot 64-Bit Tiered Compilers"/>
    <property name="os.version" value="6.1"/>
    <property name="user.home" value="\\cpgrp.root.local\we$\homeuserwe\icoundoul"/>
    <property name="user.timezone" value="Europe/Paris"/>
    <property name="java.awt.printerjob" value="sun.awt.windows.WPrinterJob"/>
    <property name="java.specification.version" value="1.7"/>
    <property name="file.encoding" value="Cp1252"/>
    <property name="user.name" value="icoundoul"/>
    <property name="java.class.path" value="d:/applis/MAVEN/apache-maven-3.1.0/boot/plexus-classworlds-2.4.2.jar"/>
    <property name="org.slf4j.simpleLogger.defaultLogLevel" value="info"/>
    <property name="java.vm.specification.version" value="1.7"/>
    <property name="sun.arch.data.model" value="64"/>
    <property name="java.home" value="d:\applis\JDK\jdk64bits-7.25\jdk64-7.25\jre"/>
    <property name="sun.java.command" value="org.codehaus.plexus.classworlds.launcher.Launcher clean install"/>
    <property name="java.specification.vendor" value="Oracle Corporation"/>
    <property name="user.language" value="fr"/>
    <property name="awt.toolkit" value="sun.awt.windows.WToolkit"/>
    <property name="java.vm.info" value="mixed mode"/>
    <property name="java.version" value="1.7.0_25"/>
    <property name="java.ext.dirs" value="d:\applis\JDK\jdk64bits-7.25\jdk64-7.25\jre\lib\ext;C:\Windows\Sun\Java\lib\ext"/>
    <property name="sun.boot.class.path" value="d:\applis\JDK\jdk64bits-7.25\jdk64-7.25\jre\lib\resources.jar;d:\applis\JDK\jdk64bits-7.25\jdk64-7.25\jre\lib\rt.jar;d:\applis\JDK\jdk64bits-7.25\jdk64-7.25\jre\lib\sunrsasign.jar;d:\applis\JDK\jdk64bits-7.25\jdk64-7.25\jre\lib\jsse.jar;d:\applis\JDK\jdk64bits-7.25\jdk64-7.25\jre\lib\jce.jar;d:\applis\JDK\jdk64bits-7.25\jdk64-7.25\jre\lib\charsets.jar;d:\applis\JDK\jdk64bits-7.25\jdk64-7.25\jre\lib\jfr.jar;d:\applis\JDK\jdk64bits-7.25\jdk64-7.25\jre\classes"/>
    <property name="java.vendor" value="Oracle Corporation"/>
    <property name="maven.home" value="d:\applis\MAVEN\apache-maven-3.1.0"/>
    <property name="file.separator" value="\"/>
    <property name="java.vendor.url.bug" value="http://bugreport.sun.com/bugreport/"/>
    <property name="sun.cpu.endian" value="little"/>
    <property name="sun.io.unicode.encoding" value="UnicodeLittle"/>
    <property name="sun.desktop" value="windows"/>
    <property name="sun.cpu.isalist" value="amd64"/>
  </properties>
  <testcase time="2.457" classname="fr.soat.icoundoul.dbunit.test.CustomerServiceTest" name="testFind"/>
  <testcase time="0.032" classname="fr.soat.icoundoul.dbunit.test.CustomerServiceTest" name="testRemove"/>
</testsuite>